<?xml version="1.0" encoding="UTF-8"?><testsuite errors="0" failures="0" name="atstUIAutomation.features.search.SearchTest" skipped="0" tests="3" time="22.08" timestamp="2021-12-11 10:10:59"><testcase classname="atstUIAutomation.features.search.SearchTest" name="Add to cart searched product dress"/><testcase classname="atstUIAutomation.features.search.SearchTest" name="Add to cart searched product pants"/><testcase classname="atstUIAutomation.features.search.SearchTest" name="Add to cart searched product shirt"/></testsuite>